<?xml version="1.0" encoding="UTF-8"?>
<!-- Generated by org.testng.reporters.JUnitXMLReporter -->
<testsuite hostname="DESKTOP-DLA5USM" ignored="0" name="SmileProject" tests="2" failures="1" timestamp="08 авг 2018 14:06:06 GMT" time="25.309" errors="0">
  <testcase name="a_loginViaFb" time="13.192" classname="initialTestSuite.FirstTestSet">
    <failure type="java.lang.AssertionError" message="expected [Smilebox Dashboard] but found [Smilebox DashboardQQQ]">
      <![CDATA[java.lang.AssertionError: expected [Smilebox Dashboard] but found [Smilebox DashboardQQQ]
at initialTestSuite.FirstTestSet.a_loginViaFb(FirstTestSet.java:51)
... Removed 30 stack frames]]>
    </failure>
  </testcase> <!-- a_loginViaFb -->
  <testcase name="checkTemplatesChristmas" time="6.085" classname="initialTestSuite.FirstTestSet"/>
</testsuite> <!-- SmileProject -->
