<?xml version="1.0" encoding="UTF-8"?>
<testng-results skipped="0" failed="0" ignored="3" total="4" passed="1">
  <reporter-output>
  </reporter-output>
  <suite name="Default Suite" duration-ms="11819" started-at="2018-08-16T10:57:22Z" finished-at="2018-08-16T10:57:33Z">
    <groups>
    </groups>
    <test name="testWork" duration-ms="11819" started-at="2018-08-16T10:57:22Z" finished-at="2018-08-16T10:57:33Z">
      <class name="testSuite.FirstTestSet">
        <test-method status="PASS" signature="beforeClass()[pri:0, instance:testSuite.FirstTestSet@1ebd319f]" name="beforeClass" is-config="true" duration-ms="104" started-at="2018-08-16T10:57:22Z" finished-at="2018-08-16T10:57:22Z">
          <reporter-output>
          </reporter-output>
        </test-method> <!-- beforeClass -->
        <test-method status="PASS" signature="logInWithEmail()[pri:1, instance:testSuite.FirstTestSet@1ebd319f]" name="logInWithEmail" duration-ms="10791" started-at="2018-08-16T10:57:22Z" finished-at="2018-08-16T10:57:32Z">
          <reporter-output>
          </reporter-output>
        </test-method> <!-- logInWithEmail -->
        <test-method status="PASS" signature="afterClass()[pri:0, instance:testSuite.FirstTestSet@1ebd319f]" name="afterClass" is-config="true" duration-ms="900" started-at="2018-08-16T10:57:32Z" finished-at="2018-08-16T10:57:33Z">
          <reporter-output>
          </reporter-output>
        </test-method> <!-- afterClass -->
      </class> <!-- testSuite.FirstTestSet -->
    </test> <!-- testWork -->
  </suite> <!-- Default Suite -->
</testng-results>
